-------------------------------------------------------------------------------
Test set: Test
-------------------------------------------------------------------------------
Tests run: 4, Failures: 1, Errors: 0, Skipped: 0, Time elapsed: 0.625 sec <<< FAILURE!
testUserAge(Test)  Time elapsed: 0 sec  <<< FAILURE!
java.lang.AssertionError: Something wrong with test data expected [31] but found [30]
	at org.testng.Assert.fail(Assert.java:97)
	at org.testng.Assert.assertEqualsImpl(Assert.java:136)
	at org.testng.Assert.assertEquals(Assert.java:118)
	at org.testng.Assert.assertEquals(Assert.java:839)
	at Test.testUserAge(Test.java:31)

